[debug] [2023-11-28T16:40:59.159Z] ----------------------------------------------------------------------
[debug] [2023-11-28T16:40:59.161Z] Command:       /usr/local/bin/node /usr/local/bin/firebase init
[debug] [2023-11-28T16:40:59.161Z] CLI Version:   12.9.1
[debug] [2023-11-28T16:40:59.161Z] Platform:      linux
[debug] [2023-11-28T16:40:59.161Z] Node Version:  v19.6.0
[debug] [2023-11-28T16:40:59.161Z] Time:          Tue Nov 28 2023 22:10:59 GMT+0530 (India Standard Time)
[debug] [2023-11-28T16:40:59.161Z] ----------------------------------------------------------------------
[debug] 
[debug] [2023-11-28T16:40:59.164Z] > command requires scopes: ["email","openid","https://www.googleapis.com/auth/cloudplatformprojects.readonly","https://www.googleapis.com/auth/firebase","https://www.googleapis.com/auth/cloud-platform"]
[debug] [2023-11-28T16:40:59.165Z] > authorizing via signed-in user (yashwanthyash07112@gmail.com)
[info] 
     ######## #### ########  ######## ########     ###     ######  ########
     ##        ##  ##     ## ##       ##     ##  ##   ##  ##       ##
     ######    ##  ########  ######   ########  #########  ######  ######
     ##        ##  ##    ##  ##       ##     ## ##     ##       ## ##
     ##       #### ##     ## ######## ########  ##     ##  ######  ########

You're about to initialize a Firebase project in this directory:

  /home/yash/react-app

[info] 
=== Project Setup
[info] 
[info] First, let's associate this project directory with a Firebase project.
[info] You can create multiple project aliases by running firebase use --add, 
[info] but for now we'll just set up a default project.
[info] 
[debug] [2023-11-28T16:42:11.079Z] >>> [apiv2][query] GET https://firebase.googleapis.com/v1beta1/projects pageSize=100
[debug] [2023-11-28T16:42:11.955Z] <<< [apiv2][status] GET https://firebase.googleapis.com/v1beta1/projects 200
[debug] [2023-11-28T16:42:11.955Z] <<< [apiv2][body] GET https://firebase.googleapis.com/v1beta1/projects [omitted]
[info] i  Using project react-sample-app-751c0 (react-sample-app) 
[info] 
=== Hosting Setup
[debug] [2023-11-28T16:42:14.203Z] >>> [apiv2][query] GET https://firebase.googleapis.com/v1beta1/projects/react-sample-app-751c0 [none]
[debug] [2023-11-28T16:42:14.616Z] <<< [apiv2][status] GET https://firebase.googleapis.com/v1beta1/projects/react-sample-app-751c0 200
[debug] [2023-11-28T16:42:14.616Z] <<< [apiv2][body] GET https://firebase.googleapis.com/v1beta1/projects/react-sample-app-751c0 {"projectId":"react-sample-app-751c0","projectNumber":"382506682716","displayName":"react-sample-app","name":"projects/react-sample-app-751c0","resources":{"hostingSite":"react-sample-app-751c0"},"state":"ACTIVE","etag":"1_4b5bbabd-1d5f-45e5-8cd5-a456bd9bbcfa"}
[info] 
[info] Your public directory is the folder (relative to your project directory) that
[info] will contain Hosting assets to be uploaded with firebase deploy. If you
[info] have a build process for your assets, use your build's output directory.
[info] 
[info] ✔  Wrote build/404.html 
[debug] [2023-11-28T16:43:57.596Z] >>> [apiv2][query] GET https://www.gstatic.com/firebasejs/releases.json [none]
[debug] [2023-11-28T16:43:57.848Z] <<< [apiv2][status] GET https://www.gstatic.com/firebasejs/releases.json 200
[debug] [2023-11-28T16:43:57.849Z] <<< [apiv2][body] GET https://www.gstatic.com/firebasejs/releases.json {"current":{"version":"10.7.0","browserURL":"https://www.gstatic.com/firebasejs/10.7.0/firebase.js","packageURL":"https://www.gstatic.com/firebasejs/10.7.0/firebase.tgz"},"live":{"version":"10.7","browserURL":"https://www.gstatic.com/firebasejs/live/10.7/firebase.js","packageURL":"https://www.gstatic.com/firebasejs/live/10.7/firebase.tgz"},"components":{"analytics":"https://www.gstatic.com/firebasejs/10.7.0/firebase-analytics.js","app":"https://www.gstatic.com/firebasejs/10.7.0/firebase-app.js","app-check":"https://www.gstatic.com/firebasejs/10.7.0/firebase-app-check.js","auth":"https://www.gstatic.com/firebasejs/10.7.0/firebase-auth.js","auth/cordova":"https://www.gstatic.com/firebasejs/10.7.0/firebase-auth/cordova.js","functions":"https://www.gstatic.com/firebasejs/10.7.0/firebase-functions.js","firestore":"https://www.gstatic.com/firebasejs/10.7.0/firebase-firestore.js","firestore/lite":"https://www.gstatic.com/firebasejs/10.7.0/firebase-firestore/lite.js","installations":"https://www.gstatic.com/firebasejs/10.7.0/firebase-installations.js","storage":"https://www.gstatic.com/firebasejs/10.7.0/firebase-storage.js","performance":"https://www.gstatic.com/firebasejs/10.7.0/firebase-performance.js","remote-config":"https://www.gstatic.com/firebasejs/10.7.0/firebase-remote-config.js","messaging":"https://www.gstatic.com/firebasejs/10.7.0/firebase-messaging.js","messaging/sw":"https://www.gstatic.com/firebasejs/10.7.0/firebase-messaging/sw.js","database":"https://www.gstatic.com/firebasejs/10.7.0/firebase-database.js","firestore.memory":"https://www.gstatic.com/firebasejs/10.7.0/firebase-firestore.memory.js"}}
[info] i  Skipping write of build/index.html 
[info] 
[info] i  Detected a .git folder at /home/yash/react-app 
[info] i  Authorizing with GitHub to upload your service account to a GitHub repository's secrets store. 
[info] 
[info] Visit this URL on this device to log in:
[info] https://github.com/login/oauth/authorize?client_id=89cf50f02ac6aaed3484&state=322193266&redirect_uri=http%3A%2F%2Flocalhost%3A9005&scope=read%3Auser%20repo%20public_repo
[info] 
[info] Waiting for authentication...
[debug] [2023-11-28T16:44:14.201Z] >>> [apiv2][query] POST https://github.com/login/oauth/access_token [none]
[debug] [2023-11-28T16:44:14.201Z] >>> [apiv2][body] POST https://github.com/login/oauth/access_token [stream]
[debug] [2023-11-28T16:44:14.751Z] <<< [apiv2][status] POST https://github.com/login/oauth/access_token 200
[debug] [2023-11-28T16:44:14.751Z] <<< [apiv2][body] POST https://github.com/login/oauth/access_token {"access_token":"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","token_type":"bearer","scope":"read:user,repo"}
[debug] [2023-11-28T16:44:14.760Z] >>> [apiv2][query] GET https://api.github.com/user [none]
[debug] [2023-11-28T16:44:15.188Z] <<< [apiv2][status] GET https://api.github.com/user 200
[debug] [2023-11-28T16:44:15.188Z] <<< [apiv2][body] GET https://api.github.com/user {"login":"Yashwanth0711","id":131167647,"node_id":"U_kgDOB9F1nw","avatar_url":"https://avatars.githubusercontent.com/u/131167647?v=4","gravatar_id":"","url":"https://api.github.com/users/Yashwanth0711","html_url":"https://github.com/Yashwanth0711","followers_url":"https://api.github.com/users/Yashwanth0711/followers","following_url":"https://api.github.com/users/Yashwanth0711/following{/other_user}","gists_url":"https://api.github.com/users/Yashwanth0711/gists{/gist_id}","starred_url":"https://api.github.com/users/Yashwanth0711/starred{/owner}{/repo}","subscriptions_url":"https://api.github.com/users/Yashwanth0711/subscriptions","organizations_url":"https://api.github.com/users/Yashwanth0711/orgs","repos_url":"https://api.github.com/users/Yashwanth0711/repos","events_url":"https://api.github.com/users/Yashwanth0711/events{/privacy}","received_events_url":"https://api.github.com/users/Yashwanth0711/received_events","type":"User","site_admin":false,"name":null,"company":null,"blog":"","location":null,"email":null,"hireable":null,"bio":null,"twitter_username":null,"public_repos":3,"public_gists":0,"followers":0,"following":0,"created_at":"2023-04-18T12:38:12Z","updated_at":"2023-11-16T15:14:44Z","private_gists":0,"total_private_repos":0,"owned_private_repos":0,"disk_usage":5734,"collaborators":0,"two_factor_authentication":false,"plan":{"name":"free","space":976562499,"collaborators":0,"private_repos":10000}}
[info] 
[info] ✔  Success! Logged into GitHub as Yashwanth0711 
[info] 
